<?xml version="1.0" encoding="UTF-8"?>
<testng-results skipped="0" failed="0" ignored="0" total="1" passed="1">
  <reporter-output>
  </reporter-output>
  <suite name="com.NewTest" duration-ms="11181" started-at="2021-09-05T12:45:41Z" finished-at="2021-09-05T12:45:52Z">
    <groups>
    </groups>
    <test name="Command line test" duration-ms="11181" started-at="2021-09-05T12:45:41Z" finished-at="2021-09-05T12:45:52Z">
      <class name="com.NewTest">
        <test-method status="PASS" signature="beforeTest()[pri:0, instance:com.NewTest@4cb2c100]" name="beforeTest" is-config="true" duration-ms="6653" started-at="2021-09-05T12:45:41Z" finished-at="2021-09-05T12:45:48Z">
          <reporter-output>
          </reporter-output>
        </test-method> <!-- beforeTest -->
        <test-method status="PASS" signature="testEasy()[pri:0, instance:com.NewTest@4cb2c100]" name="testEasy" duration-ms="3119" started-at="2021-09-05T12:45:48Z" finished-at="2021-09-05T12:45:51Z">
          <reporter-output>
          </reporter-output>
        </test-method> <!-- testEasy -->
        <test-method status="PASS" signature="afterTest()[pri:0, instance:com.NewTest@4cb2c100]" name="afterTest" is-config="true" duration-ms="1364" started-at="2021-09-05T12:45:51Z" finished-at="2021-09-05T12:45:52Z">
          <reporter-output>
          </reporter-output>
        </test-method> <!-- afterTest -->
      </class> <!-- com.NewTest -->
    </test> <!-- Command line test -->
  </suite> <!-- com.NewTest -->
</testng-results>
