<?xml version="1.0" encoding="UTF-8"?>
<!-- Generated by org.testng.reporters.JUnitXMLReporter -->
<testsuite hostname="BYOD-593245" ignored="0" name="Test" tests="4" failures="0" timestamp="2021-09-05T16:31:42 IST" time="18.184" errors="0">
  <testcase name="LaunchChrome" time="8.214" classname="testNg.ParallelTests"/>
  <testcase name="LaunchEdge" time="8.806" classname="testNg.ParallelTests"/>
  <testcase name="Facebook" time="0.623" classname="testNg.ParallelTests"/>
  <testcase name="Facebook2" time="0.444" classname="testNg.ParallelTests"/>
</testsuite> <!-- Test -->
